2025-06-25 13:03:00,330 [Worker-6: Loading available Gradle versions] INFO  o.e.b.c.i.u.g.PublishedGradleVersions - Gradle version information cache is not available. Remote download required.
2025-06-25 13:07:25,816 [Worker-6: Loading available Gradle versions] INFO  o.e.b.c.i.u.g.PublishedGradleVersions - Gradle version information cache is up-to-date. Trying to read.
2025-06-25 13:08:17,713 [Worker-7: Import Getting Started Content] INFO  o.e.m.c.i.l.LifecycleMappingFactory - Using org.eclipse.m2e.jdt.JarLifecycleMapping lifecycle mapping for MavenProject: com.webapplicationSpringBoot:WebApplicationSpringBoot2:0.0.1-SNAPSHOT @ D:\SpringBoot\Spring Projects\WebApplicationSpringBoot\WebApplicationSpringBoot2\pom.xml.
2025-06-25 13:08:18,529 [Worker-7: Import Getting Started Content] INFO  o.e.m.j.i.AbstractJavaProjectConfigurator - Adding source folder /WebApplicationSpringBoot2/src/main/java
2025-06-25 13:08:18,532 [Worker-7: Import Getting Started Content] INFO  o.e.m.j.i.AbstractJavaProjectConfigurator - Adding resource folder /WebApplicationSpringBoot2/src/main/resources
2025-06-25 13:08:18,536 [Worker-7: Import Getting Started Content] INFO  o.e.m.j.i.AbstractJavaProjectConfigurator - Adding resource folder /WebApplicationSpringBoot2/src/main/resources
2025-06-25 13:08:18,538 [Worker-7: Import Getting Started Content] INFO  o.e.m.j.i.AbstractJavaProjectConfigurator - Adding source folder /WebApplicationSpringBoot2/src/test/java
2025-06-25 13:08:18,539 [Worker-7: Import Getting Started Content] INFO  o.e.m.j.i.AbstractJavaProjectConfigurator - Adding resource folder /WebApplicationSpringBoot2/src/test/resources
2025-06-25 13:08:18,950 [Worker-7: Import Getting Started Content] INFO  o.e.m.c.i.p.ProjectConfigurationManager - Imported and configured 1 project(s) in 2 sec
2025-06-25 13:08:18,953 [Worker-7: Import Getting Started Content] INFO  o.e.m.c.i.p.ProjectConfigurationManager - Update started
2025-06-25 13:08:19,196 [Worker-7: Import Getting Started Content] INFO  o.e.m.c.i.l.LifecycleMappingFactory - Using org.eclipse.m2e.jdt.JarLifecycleMapping lifecycle mapping for MavenProject: com.webapplicationSpringBoot:WebApplicationSpringBoot2:0.0.1-SNAPSHOT @ D:\SpringBoot\Spring Projects\WebApplicationSpringBoot\WebApplicationSpringBoot2\pom.xml.
2025-06-25 13:08:19,489 [Worker-7: Import Getting Started Content] INFO  o.e.m.j.i.AbstractJavaProjectConfigurator - Adding source folder /WebApplicationSpringBoot2/src/main/java
2025-06-25 13:08:19,489 [Worker-7: Import Getting Started Content] INFO  o.e.m.j.i.AbstractJavaProjectConfigurator - Adding resource folder /WebApplicationSpringBoot2/src/main/resources
2025-06-25 13:08:19,490 [Worker-7: Import Getting Started Content] INFO  o.e.m.j.i.AbstractJavaProjectConfigurator - Adding resource folder /WebApplicationSpringBoot2/src/main/resources
2025-06-25 13:08:19,490 [Worker-7: Import Getting Started Content] INFO  o.e.m.j.i.AbstractJavaProjectConfigurator - Adding source folder /WebApplicationSpringBoot2/src/test/java
2025-06-25 13:08:19,491 [Worker-7: Import Getting Started Content] INFO  o.e.m.j.i.AbstractJavaProjectConfigurator - Adding resource folder /WebApplicationSpringBoot2/src/test/resources
2025-06-25 13:08:19,763 [Worker-7: Import Getting Started Content] INFO  o.e.m.c.i.p.ProjectConfigurationManager - Update completed for 1 poms: local refresh takes 0.00 sec, refresh facades takes 0.00 sec, update config takes 0.00 sec 
2025-06-25 13:08:20,466 [Worker-3: Building] INFO  o.a.m.s.f.DefaultMavenResourcesFiltering - Copying 1 resource from src\main\resources to target\classes
2025-06-25 13:08:20,483 [Worker-3: Building] INFO  o.a.m.s.f.DefaultMavenResourcesFiltering - Copying 0 resource from src\main\resources to target\classes
2025-06-25 13:08:20,489 [Worker-3: Building] INFO  o.a.m.s.f.DefaultMavenResourcesFiltering - skip non existing resourceDirectory D:\SpringBoot\Spring Projects\WebApplicationSpringBoot\WebApplicationSpringBoot2\src\test\resources
2025-06-25 13:13:42,379 [Worker-4: Loading available Gradle versions] INFO  o.e.b.c.i.u.g.PublishedGradleVersions - Gradle version information cache is up-to-date. Trying to read.
